<?xml version="1.0" encoding="UTF-8"?>
<!-- Generated by org.testng.reporters.JUnitReportReporter -->
<testsuite hostname="BLR-LT-101131" failures="0" tests="1" name="com.qa.testcases.FlipkartElectronicsPageTest" time="18.076" errors="0" timestamp="13 Aug 2019 16:11:39 GMT" skipped="0">
  <testcase classname="com.qa.testcases.FlipkartElectronicsPageTest" name="testPixelSelection" time="18.076"/>
</testsuite> <!-- com.qa.testcases.FlipkartElectronicsPageTest -->
