<?xml version="1.0" encoding="UTF-8"?>
<!-- Generated by org.testng.reporters.JUnitReportReporter -->
<testsuite hostname="BLR-LT-101131" failures="0" tests="3" name="com.qa.testcases.LoginPageTest" time="0.607" errors="0" timestamp="13 Aug 2019 11:53:22 GMT" skipped="1">
  <testcase classname="com.qa.testcases.LoginPageTest" name="testTitle" time="0.019"/>
  <testcase classname="com.qa.testcases.LoginPageTest" name="testLogin" time="0.588"/>
  <testcase classname="com.qa.testcases.LoginPageTest" name="testForgotPassword">
    <skipped/>
  </testcase> <!-- testForgotPassword -->
</testsuite> <!-- com.qa.testcases.LoginPageTest -->
