<?xml version="1.0" encoding="UTF-8"?>
<!-- Generated by org.testng.reporters.JUnitReportReporter -->
<testsuite hostname="BLR-LT-101131" failures="0" tests="1" name="com.qa.testcases.PixelPageListTest" time="8.282" errors="0" timestamp="13 Aug 2019 20:13:07 GMT" skipped="0">
  <testcase classname="com.qa.testcases.PixelPageListTest" name="testClickPixel3a" time="8.282"/>
</testsuite> <!-- com.qa.testcases.PixelPageListTest -->
