<?xml version="1.0" encoding="UTF-8"?>
<!-- Generated by org.testng.reporters.JUnitReportReporter -->
<testsuite hostname="BLR-LT-101131" failures="0" tests="4" name="com.qa.testcases.HomePageTest" time="0.473" errors="0" timestamp="13 Aug 2019 12:27:27 GMT" skipped="2">
  <testcase classname="com.qa.testcases.HomePageTest" name="testvalidateTitle" time="0.294"/>
  <testcase classname="com.qa.testcases.HomePageTest" name="testProjectPageClick" time="0.179"/>
  <testcase classname="com.qa.testcases.HomePageTest" name="testPolicyPageClick">
    <skipped/>
  </testcase> <!-- testPolicyPageClick -->
  <testcase classname="com.qa.testcases.HomePageTest" name="testAdminPageClick">
    <skipped/>
  </testcase> <!-- testAdminPageClick -->
</testsuite> <!-- com.qa.testcases.HomePageTest -->
