<?xml version="1.0" encoding="UTF-8"?>
<!-- Generated by org.testng.reporters.JUnitReportReporter -->
<testsuite hostname="BLR-LT-101131" failures="0" tests="1" name="com.qa.testcases.CartPageTest" time="22.308" errors="0" timestamp="14 Aug 2019 18:44:41 GMT" skipped="0">
  <testcase classname="com.qa.testcases.CartPageTest" name="testAddIcon" time="22.308"/>
</testsuite> <!-- com.qa.testcases.CartPageTest -->
